<?xml version="1.0" encoding="UTF-8"?>
<testng-results ignored="0" total="2" passed="2" failed="0" skipped="0">
  <reporter-output>
  </reporter-output>
  <suite started-at="2024-03-16T18:10:39 IST" name="Default suite" finished-at="2024-03-16T18:10:50 IST" duration-ms="10817">
    <groups>
    </groups>
    <test started-at="2024-03-16T18:10:39 IST" name="Default test" finished-at="2024-03-16T18:10:50 IST" duration-ms="10817">
      <class name="pageObjects.DataProviderDemo">
        <test-method is-config="true" signature="setup()[pri:0, instance:pageObjects.DataProviderDemo@5656be13]" started-at="2024-03-16T18:10:40 IST" name="setup" finished-at="2024-03-16T18:10:43 IST" duration-ms="3781" status="PASS">
          <reporter-output>
          </reporter-output>
        </test-method> <!-- setup -->
        <test-method signature="testLogin(java.lang.String,java.lang.String)[pri:0, instance:pageObjects.DataProviderDemo@5656be13]" started-at="2024-03-16T18:10:43 IST" name="testLogin" data-provider="dp" finished-at="2024-03-16T18:10:47 IST" duration-ms="3702" status="PASS">
          <params>
            <param index="0">
              <value>
                <![CDATA[poojadahiya9@gmail.com]]>
              </value>
            </param>
            <param index="1">
              <value>
                <![CDATA[Test@123]]>
              </value>
            </param>
          </params>
          <reporter-output>
          </reporter-output>
        </test-method> <!-- testLogin -->
        <test-method signature="testLogin(java.lang.String,java.lang.String)[pri:0, instance:pageObjects.DataProviderDemo@5656be13]" started-at="2024-03-16T18:10:47 IST" name="testLogin" data-provider="dp" finished-at="2024-03-16T18:10:50 IST" duration-ms="3083" status="PASS">
          <params>
            <param index="0">
              <value>
                <![CDATA[poojadahiya9@gmail.com]]>
              </value>
            </param>
            <param index="1">
              <value>
                <![CDATA[Test@123]]>
              </value>
            </param>
          </params>
          <reporter-output>
          </reporter-output>
        </test-method> <!-- testLogin -->
        <test-method is-config="true" signature="teardown()[pri:0, instance:pageObjects.DataProviderDemo@5656be13]" started-at="2024-03-16T18:10:50 IST" name="teardown" finished-at="2024-03-16T18:10:50 IST" duration-ms="204" status="PASS">
          <reporter-output>
          </reporter-output>
        </test-method> <!-- teardown -->
      </class> <!-- pageObjects.DataProviderDemo -->
    </test> <!-- Default test -->
  </suite> <!-- Default suite -->
</testng-results>
